2024-11-19 22:04:48 - Debut de la sauvegarde incrementale des emails
opening connection using: ssh -i /home/rrotter/.ssh/id_rsa -l save srv-backup rsync --server -vvblogDtprze.iLsfxCIvu --backup-dir "/home/save/emails/incremental//2024-11-19_22:04:48" --delete . /home/save/emails/current//  (14 args)
sending incremental file list
(new) backup_dir is /home/save/emails/incremental//2024-11-19_22:04:48
delta-transmission enabled
./
joseph/
joseph/joseph.pst
michel/
michel/michel.pst
sonia/
sonia/sonia.pst
total: matches=0  hash_hits=0  false_alarms=0 data=3145728

sent 488 bytes  received 198 bytes  457,33 bytes/sec
total size is 3.145.728  speedup is 4.585,61
2024-11-19 22:04:49 - Sauvegarde incrementale terminee avec succes
2024-11-19 22:04:49 - Suppression des sauvegardes de plus de 30 jours
find: '/home/save/emails/incremental/': No such file or directory
2024-11-19 22:04:49 - Processus de sauvegarde termine
2024-11-19 22:05:48 - Debut de la sauvegarde incrementale des emails
opening connection using: ssh -i /home/rrotter/.ssh/id_rsa -l save srv-backup rsync --server -vvblogDtprze.iLsfxCIvu --backup-dir "/home/save/emails/incremental//2024-11-19_22:05:48" --delete . /home/save/emails/current//  (14 args)
sending incremental file list
(new) backup_dir is /home/save/emails/incremental//2024-11-19_22:05:48
delta-transmission enabled
michel/michel.pst is uptodate
sonia/sonia.pst is uptodate
joseph/
joseph/joseph.pst
2024-11-19 22:05:48 - Erreur lors de la sauvegarde incrementale
2024-11-19 22:07:20 - Debut de la sauvegarde incrementale des emails
opening connection using: ssh -i /home/rrotter/.ssh/id_rsa -l save srv-backup rsync --server -vvblogDtprze.iLsfxCIvu --backup-dir "/home/save/emails/incremental//2024-11-19_22:07:20" --delete . /home/save/emails/current//  (14 args)
sending incremental file list
(new) backup_dir is /home/save/emails/incremental//2024-11-19_22:07:20
delta-transmission enabled
michel/michel.pst is uptodate
sonia/sonia.pst is uptodate
joseph/
joseph/joseph.pst
backed up joseph/joseph.pst to /home/save/emails/incremental//2024-11-19_22:07:20/joseph/joseph.pst
total: matches=1024  hash_hits=1024  false_alarms=0 data=6

sent 328 bytes  received 6.480 bytes  13.616,00 bytes/sec
total size is 3.145.734  speedup is 462,06
2024-11-19 22:07:20 - Sauvegarde incrementale terminee avec succes
2024-11-19 22:07:20 - Suppression des sauvegardes de plus de 30 jours
2024-11-19 22:07:21 - Processus de sauvegarde termine
2024-11-19 23:07:26 - Hors plage horaire de sauvegarde (01:00-04:00). Aucune sauvegarde effectuee.
2024-11-19 23:09:39 - Debut du processus de sauvegarde - dans la plage horaire 01:00-04:00
2024-11-19 23:09:39 - Debut de la sauvegarde differentielle pour emails
opening connection using: ssh -i /home/rrotter/.ssh/id_rsa -l save srv-backup rsync --server -vvlogDtprze.iLsfxCIvu --delete . /home/save/vms/emails/  (12 args)
sending incremental file list
delta-transmission enabled
./
joseph/
joseph/joseph.pst
michel/
michel/michel.pst
sonia/
sonia/sonia.pst
total: matches=0  hash_hits=0  false_alarms=0 data=3145734

sent 499 bytes  received 123 bytes  1.244,00 bytes/sec
total size is 3.145.734  speedup is 5.057,45
2024-11-19 23:09:39 - Sauvegarde differentielle de emails terminee avec succes
2024-11-19 23:09:39 - Debut de la sauvegarde differentielle pour fichiers
opening connection using: ssh -i /home/rrotter/.ssh/id_rsa -l save srv-backup rsync --server -vvlogDtprze.iLsfxCIvu --delete . /home/save/vms/fichiers/  (12 args)
sending incremental file list
delta-transmission enabled
./
pdf/
pdf/merci.pdf
ppt/
ppt/demo.ppt
txt/
txt/notes.txt
total: matches=0  hash_hits=0  false_alarms=0 data=3145728

sent 470 bytes  received 123 bytes  1.186,00 bytes/sec
total size is 3.145.728  speedup is 5.304,77
2024-11-19 23:09:40 - Sauvegarde differentielle de fichiers terminee avec succes
2024-11-19 23:09:40 - Debut de la sauvegarde differentielle pour site
opening connection using: ssh -i /home/rrotter/.ssh/id_rsa -l save srv-backup rsync --server -vvlogDtprze.iLsfxCIvu --delete . /home/save/vms/site/  (12 args)
sending incremental file list
delta-transmission enabled
./
css/
css/code.css
html/
html/index.html
image/
image/image.jpeg
js/
js/code.js
total: matches=0  hash_hits=0  false_alarms=0 data=4194304

sent 591 bytes  received 146 bytes  491,33 bytes/sec
total size is 4.194.304  speedup is 5.691,05
2024-11-19 23:09:41 - Sauvegarde differentielle de site terminee avec succes
2024-11-19 23:09:41 - Debut de la sauvegarde differentielle pour rh
opening connection using: ssh -i /home/rrotter/.ssh/id_rsa -l save srv-backup rsync --server -vvlogDtprze.iLsfxCIvu --delete . /home/save/vms/rh/  (12 args)
sending incremental file list
delta-transmission enabled
./
bulletins/
bulletins/2024
conges/
conges/toussaint
contrats/
contrats/solde
total: matches=0  hash_hits=0  false_alarms=0 data=3145728

sent 486 bytes  received 123 bytes  1.218,00 bytes/sec
total size is 3.145.728  speedup is 5.165,40
2024-11-19 23:09:41 - Sauvegarde differentielle de rh terminee avec succes
2024-11-19 23:09:41 - Debut de la sauvegarde differentielle pour tickets
opening connection using: ssh -i /home/rrotter/.ssh/id_rsa -l save srv-backup rsync --server -vvlogDtprze.iLsfxCIvu --delete . /home/save/vms/tickets/  (12 args)
sending incremental file list
delta-transmission enabled
./
client/
client/client1
finance/
finance/fin1
marketing/
marketing/mkt1
total: matches=0  hash_hits=0  false_alarms=0 data=3145728

sent 485 bytes  received 123 bytes  1.216,00 bytes/sec
total size is 3.145.728  speedup is 5.173,89
2024-11-19 23:09:42 - Sauvegarde differentielle de tickets terminee avec succes
2024-11-19 23:09:42 - Fin du processus de sauvegarde
2024-11-20 21:21:02 - Debut du processus de sauvegarde - dans la plage horaire 01:00-04:00
2024-11-20 21:21:02 - Debut de la sauvegarde differentielle pour emails
opening connection using: ssh -i /home/rrotter/.ssh/id_rsa -l save srv-backup rsync --server -vvlogDtprze.iLsfxCIvu --delete . /home/save/vms/emails/  (12 args)
sending incremental file list
delta-transmission enabled
joseph/joseph.pst is uptodate
michel/michel.pst is uptodate
sonia/sonia.pst is uptodate
total: matches=0  hash_hits=0  false_alarms=0 data=0

sent 266 bytes  received 171 bytes  874,00 bytes/sec
total size is 3.145.734  speedup is 7.198,48
2024-11-20 21:21:03 - Sauvegarde differentielle de emails terminee avec succes
2024-11-20 21:21:03 - Debut de la sauvegarde differentielle pour fichiers
opening connection using: ssh -i /home/rrotter/.ssh/id_rsa -l save srv-backup rsync --server -vvlogDtprze.iLsfxCIvu --delete . /home/save/vms/fichiers/  (12 args)
sending incremental file list
delta-transmission enabled
pdf/merci.pdf is uptodate
ppt/demo.ppt is uptodate
txt/notes.txt is uptodate
total: matches=0  hash_hits=0  false_alarms=0 data=0

sent 250 bytes  received 160 bytes  820,00 bytes/sec
total size is 3.145.728  speedup is 7.672,51
2024-11-20 21:21:04 - Sauvegarde differentielle de fichiers terminee avec succes
2024-11-20 21:21:04 - Debut de la sauvegarde differentielle pour site
opening connection using: ssh -i /home/rrotter/.ssh/id_rsa -l save srv-backup rsync --server -vvlogDtprze.iLsfxCIvu --delete . /home/save/vms/site/  (12 args)
sending incremental file list
delta-transmission enabled
css/code.css is uptodate
html/index.html is uptodate
image/image.jpeg is uptodate
js/code.js is uptodate
total: matches=0  hash_hits=0  false_alarms=0 data=0

sent 304 bytes  received 199 bytes  335,33 bytes/sec
total size is 4.194.304  speedup is 8.338,58
2024-11-20 21:21:05 - Sauvegarde differentielle de site terminee avec succes
2024-11-20 21:21:05 - Debut de la sauvegarde differentielle pour rh
opening connection using: ssh -i /home/rrotter/.ssh/id_rsa -l save srv-backup rsync --server -vvlogDtprze.iLsfxCIvu --delete . /home/save/vms/rh/  (12 args)
sending incremental file list
delta-transmission enabled
bulletins/2024 is uptodate
conges/toussaint is uptodate
contrats/solde is uptodate
total: matches=0  hash_hits=0  false_alarms=0 data=0

sent 266 bytes  received 166 bytes  864,00 bytes/sec
total size is 3.145.728  speedup is 7.281,78
2024-11-20 21:21:05 - Sauvegarde differentielle de rh terminee avec succes
2024-11-20 21:21:05 - Debut de la sauvegarde differentielle pour tickets
opening connection using: ssh -i /home/rrotter/.ssh/id_rsa -l save srv-backup rsync --server -vvlogDtprze.iLsfxCIvu --delete . /home/save/vms/tickets/  (12 args)
sending incremental file list
delta-transmission enabled
client/client1 is uptodate
finance/fin1 is uptodate
marketing/mkt1 is uptodate
total: matches=0  hash_hits=0  false_alarms=0 data=0

sent 265 bytes  received 162 bytes  854,00 bytes/sec
total size is 3.145.728  speedup is 7.367,04
2024-11-20 21:21:06 - Sauvegarde differentielle de tickets terminee avec succes
2024-11-20 21:21:06 - Fin du processus de sauvegarde
2024-11-20 21:24:09 - Debut du processus de sauvegarde - dans la plage horaire 01:00-04:00
2024-11-20 21:24:09 - Debut de la sauvegarde differentielle pour emails
opening connection using: ssh -i /home/rrotter/.ssh/id_rsa -l save srv-backup rsync --server -vvlogDtprze.iLsfxCIvu --delete . /home/save/vms/emails/  (12 args)
sending incremental file list
delta-transmission enabled
joseph/joseph.pst is uptodate
michel/michel.pst is uptodate
sonia/sonia.pst is uptodate
total: matches=0  hash_hits=0  false_alarms=0 data=0

sent 266 bytes  received 171 bytes  874,00 bytes/sec
total size is 3.145.734  speedup is 7.198,48
2024-11-20 21:24:10 - Sauvegarde differentielle de emails terminee avec succes
2024-11-20 21:24:10 - Debut de la sauvegarde differentielle pour fichiers
opening connection using: ssh -i /home/rrotter/.ssh/id_rsa -l save srv-backup rsync --server -vvlogDtprze.iLsfxCIvu --delete . /home/save/vms/fichiers/  (12 args)
sending incremental file list
delta-transmission enabled
pdf/merci.pdf is uptodate
ppt/demo.ppt is uptodate
txt/notes.txt is uptodate
total: matches=0  hash_hits=0  false_alarms=0 data=0

sent 250 bytes  received 160 bytes  820,00 bytes/sec
total size is 3.145.728  speedup is 7.672,51
2024-11-20 21:24:11 - Sauvegarde differentielle de fichiers terminee avec succes
2024-11-20 21:24:11 - Debut de la sauvegarde differentielle pour site
opening connection using: ssh -i /home/rrotter/.ssh/id_rsa -l save srv-backup rsync --server -vvlogDtprze.iLsfxCIvu --delete . /home/save/vms/site/  (12 args)
sending incremental file list
delta-transmission enabled
css/code.css is uptodate
html/index.html is uptodate
image/image.jpeg is uptodate
js/code.js is uptodate
total: matches=0  hash_hits=0  false_alarms=0 data=0

sent 304 bytes  received 199 bytes  335,33 bytes/sec
total size is 4.194.304  speedup is 8.338,58
2024-11-20 21:24:12 - Sauvegarde differentielle de site terminee avec succes
2024-11-20 21:24:12 - Debut de la sauvegarde differentielle pour rh
opening connection using: ssh -i /home/rrotter/.ssh/id_rsa -l save srv-backup rsync --server -vvlogDtprze.iLsfxCIvu --delete . /home/save/vms/rh/  (12 args)
sending incremental file list
delta-transmission enabled
bulletins/2024 is uptodate
conges/toussaint is uptodate
contrats/solde is uptodate
total: matches=0  hash_hits=0  false_alarms=0 data=0

sent 266 bytes  received 166 bytes  864,00 bytes/sec
total size is 3.145.728  speedup is 7.281,78
2024-11-20 21:24:12 - Sauvegarde differentielle de rh terminee avec succes
2024-11-20 21:24:12 - Debut de la sauvegarde differentielle pour tickets
opening connection using: ssh -i /home/rrotter/.ssh/id_rsa -l save srv-backup rsync --server -vvlogDtprze.iLsfxCIvu --delete . /home/save/vms/tickets/  (12 args)
sending incremental file list
delta-transmission enabled
client/client1 is uptodate
finance/fin1 is uptodate
marketing/mkt1 is uptodate
total: matches=0  hash_hits=0  false_alarms=0 data=0

sent 265 bytes  received 162 bytes  854,00 bytes/sec
total size is 3.145.728  speedup is 7.367,04
2024-11-20 21:24:13 - Sauvegarde differentielle de tickets terminee avec succes
2024-11-20 21:24:13 - Fin du processus de sauvegarde
2024-11-20 21:24:19 - Debut du processus de sauvegarde - dans la plage horaire 01:00-04:00
2024-11-20 21:24:19 - Debut de la sauvegarde differentielle pour emails
opening connection using: ssh -i /home/rrotter/.ssh/id_rsa -l save srv-backup rsync --server -vvlogDtprze.iLsfxCIvu --delete . /home/save/vms/emails/  (12 args)
sending incremental file list
delta-transmission enabled
joseph/joseph.pst is uptodate
michel/michel.pst is uptodate
sonia/sonia.pst is uptodate
total: matches=0  hash_hits=0  false_alarms=0 data=0

sent 266 bytes  received 171 bytes  874,00 bytes/sec
total size is 3.145.734  speedup is 7.198,48
2024-11-20 21:24:20 - Sauvegarde differentielle de emails terminee avec succes
2024-11-20 21:24:20 - Debut de la sauvegarde differentielle pour fichiers
opening connection using: ssh -i /home/rrotter/.ssh/id_rsa -l save srv-backup rsync --server -vvlogDtprze.iLsfxCIvu --delete . /home/save/vms/fichiers/  (12 args)
sending incremental file list
delta-transmission enabled
pdf/merci.pdf is uptodate
ppt/demo.ppt is uptodate
txt/notes.txt is uptodate
total: matches=0  hash_hits=0  false_alarms=0 data=0

sent 250 bytes  received 160 bytes  273,33 bytes/sec
total size is 3.145.728  speedup is 7.672,51
2024-11-20 21:24:21 - Sauvegarde differentielle de fichiers terminee avec succes
2024-11-20 21:24:21 - Debut de la sauvegarde differentielle pour site
opening connection using: ssh -i /home/rrotter/.ssh/id_rsa -l save srv-backup rsync --server -vvlogDtprze.iLsfxCIvu --delete . /home/save/vms/site/  (12 args)
sending incremental file list
delta-transmission enabled
css/code.css is uptodate
html/index.html is uptodate
image/image.jpeg is uptodate
js/code.js is uptodate
total: matches=0  hash_hits=0  false_alarms=0 data=0

sent 304 bytes  received 199 bytes  335,33 bytes/sec
total size is 4.194.304  speedup is 8.338,58
2024-11-20 21:24:22 - Sauvegarde differentielle de site terminee avec succes
2024-11-20 21:24:22 - Debut de la sauvegarde differentielle pour rh
opening connection using: ssh -i /home/rrotter/.ssh/id_rsa -l save srv-backup rsync --server -vvlogDtprze.iLsfxCIvu --delete . /home/save/vms/rh/  (12 args)
sending incremental file list
delta-transmission enabled
bulletins/2024 is uptodate
conges/toussaint is uptodate
contrats/solde is uptodate
total: matches=0  hash_hits=0  false_alarms=0 data=0

sent 266 bytes  received 166 bytes  864,00 bytes/sec
total size is 3.145.728  speedup is 7.281,78
2024-11-20 21:24:22 - Sauvegarde differentielle de rh terminee avec succes
2024-11-20 21:24:22 - Debut de la sauvegarde differentielle pour tickets
opening connection using: ssh -i /home/rrotter/.ssh/id_rsa -l save srv-backup rsync --server -vvlogDtprze.iLsfxCIvu --delete . /home/save/vms/tickets/  (12 args)
sending incremental file list
delta-transmission enabled
client/client1 is uptodate
finance/fin1 is uptodate
marketing/mkt1 is uptodate
total: matches=0  hash_hits=0  false_alarms=0 data=0

sent 265 bytes  received 162 bytes  854,00 bytes/sec
total size is 3.145.728  speedup is 7.367,04
2024-11-20 21:24:23 - Sauvegarde differentielle de tickets terminee avec succes
2024-11-20 21:24:23 - Fin du processus de sauvegarde
2024-11-20 22:20:51 - Debut de la sauvegarde incrementale des emails
opening connection using: ssh -i /home/rrotter/.ssh/id_rsa -l save srv-backup rsync --server -vvblogDtprze.iLsfxCIvu --backup-dir "/home/save/emails/incremental//2024-11-20_22:20:51" --delete . /home/save/emails/current//  (14 args)
sending incremental file list
(new) backup_dir is /home/save/emails/incremental//2024-11-20_22:20:51
delta-transmission enabled
joseph/joseph.pst is uptodate
michel/michel.pst is uptodate
sonia/sonia.pst is uptodate
total: matches=0  hash_hits=0  false_alarms=0 data=0

sent 266 bytes  received 246 bytes  341,33 bytes/sec
total size is 3.145.734  speedup is 6.144,01
2024-11-20 22:20:52 - Sauvegarde incrementale terminee avec succes
2024-11-20 22:20:52 - Suppression des sauvegardes de plus de 30 jours
2024-11-20 22:20:52 - Processus de sauvegarde termine
2024-11-20 22:21:11 - Debut de la sauvegarde incrementale des emails
opening connection using: ssh -i /home/rrotter/.ssh/id_rsa -l save srv-backup rsync --server -vvblogDtprze.iLsfxCIvu --backup-dir "/home/save/emails/incremental//2024-11-20_22:21:11" --delete . /home/save/emails/current//  (14 args)
sending incremental file list
(new) backup_dir is /home/save/emails/incremental//2024-11-20_22:21:11
delta-transmission enabled
joseph/joseph.pst is uptodate
michel/michel.pst is uptodate
sonia/sonia.pst is uptodate
total: matches=0  hash_hits=0  false_alarms=0 data=0

sent 266 bytes  received 246 bytes  1.024,00 bytes/sec
total size is 3.145.734  speedup is 6.144,01
2024-11-20 22:21:11 - Sauvegarde incrementale terminee avec succes
2024-11-20 22:21:11 - Suppression des sauvegardes de plus de 30 jours
2024-11-20 22:21:12 - Processus de sauvegarde termine
2024-11-20 22:21:13 - Debut de la sauvegarde incrementale des emails
opening connection using: ssh -i /home/rrotter/.ssh/id_rsa -l save srv-backup rsync --server -vvblogDtprze.iLsfxCIvu --backup-dir "/home/save/emails/incremental//2024-11-20_22:21:13" --delete . /home/save/emails/current//  (14 args)
sending incremental file list
(new) backup_dir is /home/save/emails/incremental//2024-11-20_22:21:13
delta-transmission enabled
joseph/joseph.pst is uptodate
michel/michel.pst is uptodate
sonia/sonia.pst is uptodate
total: matches=0  hash_hits=0  false_alarms=0 data=0

sent 266 bytes  received 246 bytes  1.024,00 bytes/sec
total size is 3.145.734  speedup is 6.144,01
2024-11-20 22:21:13 - Sauvegarde incrementale terminee avec succes
2024-11-20 22:21:13 - Suppression des sauvegardes de plus de 30 jours
2024-11-20 22:21:14 - Processus de sauvegarde termine
2024-11-20 22:27:42 - Debut de la sauvegarde incrementale de rh
opening connection using: ssh -i /home/rrotter/.ssh/id_rsa -l save srv-backup rsync --server -vvblogDtprze.iLsfxCIvu --backup-dir "/home/save/rh/incremental//2024-11-20_22:27:42" --delete . /home/save/rh/current//  (14 args)
sending incremental file list
(new) backup_dir is /home/save/rh/incremental//2024-11-20_22:27:42
delta-transmission enabled
bulletins/
bulletins/2024
conges/
conges/toussaint
contrats/
contrats/solde
total: matches=0  hash_hits=0  false_alarms=0 data=3145734

sent 496 bytes  received 190 bytes  1.372,00 bytes/sec
total size is 3.145.734  speedup is 4.585,62
2024-11-20 22:27:42 - Sauvegarde incrementale terminee avec succes
2024-11-20 22:27:42 - Suppression des sauvegardes de plus de 30 jours
find: '/home/save/rh/incremental/': No such file or directory
2024-11-20 22:27:42 - Processus de sauvegarde termine
2024-11-20 22:27:45 - Debut de la sauvegarde incrementale de rh
opening connection using: ssh -i /home/rrotter/.ssh/id_rsa -l save srv-backup rsync --server -vvblogDtprze.iLsfxCIvu --backup-dir "/home/save/rh/incremental//2024-11-20_22:27:45" --delete . /home/save/rh/current//  (14 args)
sending incremental file list
(new) backup_dir is /home/save/rh/incremental//2024-11-20_22:27:45
delta-transmission enabled
bulletins/2024 is uptodate
conges/toussaint is uptodate
contrats/solde is uptodate
total: matches=0  hash_hits=0  false_alarms=0 data=0

sent 267 bytes  received 237 bytes  1.008,00 bytes/sec
total size is 3.145.734  speedup is 6.241,54
2024-11-20 22:27:45 - Sauvegarde incrementale terminee avec succes
2024-11-20 22:27:45 - Suppression des sauvegardes de plus de 30 jours
find: '/home/save/rh/incremental/': No such file or directory
2024-11-20 22:27:46 - Processus de sauvegarde termine
2024-11-21 11:27:06 - Debut du processus de sauvegarde - dans la plage horaire 01:00-04:00
2024-11-21 11:27:06 - Debut de la sauvegarde differentielle pour emails
opening connection using: ssh -i /home/rrotter/.ssh/id_rsa -l save srv-backup rsync --server -vvlogDtprze.iLsfxCIvu --delete . /home/save/vms/emails/  (12 args)
sending incremental file list
delta-transmission enabled
./
joseph/
joseph/joseph.pst
michel/
michel/michel.pst
sonia/
sonia/sonia.pst
total: matches=3072  hash_hits=3072  false_alarms=0 data=8

sent 1.450 bytes  received 18.561 bytes  40.022,00 bytes/sec
total size is 3.145.736  speedup is 157,20
2024-11-21 11:27:07 - Sauvegarde differentielle de emails terminee avec succes
2024-11-21 11:27:07 - Debut de la sauvegarde differentielle pour fichiers
opening connection using: ssh -i /home/rrotter/.ssh/id_rsa -l save srv-backup rsync --server -vvlogDtprze.iLsfxCIvu --delete . /home/save/vms/fichiers/  (12 args)
sending incremental file list
delta-transmission enabled
./
pdf/
pdf/merci.pdf
ppt/
ppt/demo.ppt
txt/
txt/notes.txt
total: matches=3072  hash_hits=3072  false_alarms=0 data=9

sent 408 bytes  received 18.555 bytes  12.642,00 bytes/sec
total size is 3.145.737  speedup is 165,89
2024-11-21 11:27:08 - Sauvegarde differentielle de fichiers terminee avec succes
2024-11-21 11:27:08 - Debut de la sauvegarde differentielle pour site
opening connection using: ssh -i /home/rrotter/.ssh/id_rsa -l save srv-backup rsync --server -vvlogDtprze.iLsfxCIvu --delete . /home/save/vms/site/  (12 args)
sending incremental file list
delta-transmission enabled
./
css/
css/code.css
html/
html/index.html
image/
image/image.jpeg
js/
js/code.js
total: matches=4096  hash_hits=4096  false_alarms=0 data=12

sent 512 bytes  received 24.722 bytes  50.468,00 bytes/sec
total size is 4.194.316  speedup is 166,22
2024-11-21 11:27:08 - Sauvegarde differentielle de site terminee avec succes
2024-11-21 11:27:08 - Debut de la sauvegarde differentielle pour rh
opening connection using: ssh -i /home/rrotter/.ssh/id_rsa -l save srv-backup rsync --server -vvlogDtprze.iLsfxCIvu --delete . /home/save/vms/rh/  (12 args)
sending incremental file list
delta-transmission enabled
./
bulletins/
bulletins/2024
conges/
conges/toussaint
contrats/
contrats/solde
total: matches=3072  hash_hits=3072  false_alarms=0 data=14

sent 427 bytes  received 18.555 bytes  37.964,00 bytes/sec
total size is 3.145.742  speedup is 165,72
2024-11-21 11:27:09 - Sauvegarde differentielle de rh terminee avec succes
2024-11-21 11:27:09 - Debut de la sauvegarde differentielle pour tickets
opening connection using: ssh -i /home/rrotter/.ssh/id_rsa -l save srv-backup rsync --server -vvlogDtprze.iLsfxCIvu --delete . /home/save/vms/tickets/  (12 args)
sending incremental file list
delta-transmission enabled
./
client/
client/client1
finance/
finance/fin1
marketing/
marketing/mkt1
total: matches=3072  hash_hits=3072  false_alarms=0 data=9

sent 423 bytes  received 18.555 bytes  12.652,00 bytes/sec
total size is 3.145.737  speedup is 165,76
2024-11-21 11:27:10 - Sauvegarde differentielle de tickets terminee avec succes
2024-11-21 11:27:10 - Fin du processus de sauvegarde
2024-11-21 11:28:41 - Debut de la sauvegarde incrementale des emails
opening connection using: ssh -i /home/rrotter/.ssh/id_rsa -l save srv-backup rsync --server -vvblogDtprze.iLsfxCIvu --backup-dir "/home/save/emails/incremental//2024-11-21_11:28:41" --delete . /home/save/emails/current//  (14 args)
sending incremental file list
(new) backup_dir is /home/save/emails/incremental//2024-11-21_11:28:41
delta-transmission enabled
./
joseph/
joseph/joseph.pst
michel/
michel/michel.pst
sonia/
sonia/sonia.pst
backed up joseph/joseph.pst to /home/save/emails/incremental//2024-11-21_11:28:41/joseph/joseph.pst
backed up michel/michel.pst to /home/save/emails/incremental//2024-11-21_11:28:41/michel/michel.pst
backed up sonia/sonia.pst to /home/save/emails/incremental//2024-11-21_11:28:41/sonia/sonia.pst
total: matches=3072  hash_hits=3072  false_alarms=0 data=8

sent 1.450 bytes  received 18.944 bytes  40.788,00 bytes/sec
total size is 3.145.736  speedup is 154,25
2024-11-21 11:28:41 - Sauvegarde incrementale terminee avec succes
2024-11-21 11:28:41 - Suppression des sauvegardes de plus de 30 jours
2024-11-21 11:28:42 - Processus de sauvegarde termine
2024-11-21 11:28:45 - Debut de la sauvegarde incrementale des fichiers
opening connection using: ssh -i /home/rrotter/.ssh/id_rsa -l save srv-backup rsync --server -vvblogDtprze.iLsfxCIvu --backup-dir "/home/save/fichiers/incremental//2024-11-21_11:28:45" --delete . /home/save/fichiers/current//  (14 args)
sending incremental file list
(new) backup_dir is /home/save/fichiers/incremental//2024-11-21_11:28:45
delta-transmission enabled
pdf/
pdf/merci.pdf
ppt/
ppt/demo.ppt
txt/
txt/notes.txt
total: matches=0  hash_hits=0  false_alarms=0 data=3145737

sent 507 bytes  received 200 bytes  1.414,00 bytes/sec
total size is 3.145.737  speedup is 4.449,42
2024-11-21 11:28:45 - Sauvegarde incrementale terminee avec succes
2024-11-21 11:28:45 - Suppression des sauvegardes de plus de 30 jours
find: '/home/save/fichiers/incremental/': No such file or directory
2024-11-21 11:28:45 - Processus de sauvegarde termine
2024-11-21 11:28:48 - Debut de la sauvegarde incrementale de rh
opening connection using: ssh -i /home/rrotter/.ssh/id_rsa -l save srv-backup rsync --server -vvblogDtprze.iLsfxCIvu --backup-dir "/home/save/rh/incremental//2024-11-21_11:28:48" --delete . /home/save/rh/current//  (14 args)
sending incremental file list
(new) backup_dir is /home/save/rh/incremental//2024-11-21_11:28:48
delta-transmission enabled
bulletins/
bulletins/2024
conges/
conges/toussaint
contrats/
contrats/solde
rsync error: error in file IO (code 11) at rsync.c(739) [receiver=3.2.7]
2024-11-21 11:28:48 - Erreur lors de la sauvegarde incrementale
2024-11-21 11:28:52 - Debut de la sauvegarde incrementale des sites
opening connection using: ssh -i /home/rrotter/.ssh/id_rsa -l save srv-backup rsync --server -vvblogDtprze.iLsfxCIvu --backup-dir "/home/save/site/incremental//2024-11-21_11:28:52" --delete . /home/save/site/current//  (14 args)
sending incremental file list
(new) backup_dir is /home/save/site/incremental//2024-11-21_11:28:52
delta-transmission enabled
css/
css/code.css
html/
html/index.html
image/
image/image.jpeg
js/
js/code.js
total: matches=0  hash_hits=0  false_alarms=0 data=4194316

sent 643 bytes  received 219 bytes  574,67 bytes/sec
total size is 4.194.316  speedup is 4.865,80
2024-11-21 11:28:53 - Sauvegarde incrementale terminee avec succes
2024-11-21 11:28:53 - Suppression des sauvegardes de plus de 30 jours
find: '/home/save/site/incremental/': No such file or directory
2024-11-21 11:28:53 - Processus de sauvegarde termine
2024-11-21 11:28:59 - Debut de la sauvegarde incrementale des tickets
opening connection using: ssh -i /home/rrotter/.ssh/id_rsa -l save srv-backup rsync --server -vvblogDtprze.iLsfxCIvu --backup-dir "/home/save/tickets/incremental//2024-11-21_11:28:59" --delete . /home/save/tickets/current//  (14 args)
sending incremental file list
(new) backup_dir is /home/save/tickets/incremental//2024-11-21_11:28:59
delta-transmission enabled
client/
client/client1
finance/
finance/fin1
marketing/
marketing/mkt1
total: matches=0  hash_hits=0  false_alarms=0 data=3145737

sent 522 bytes  received 199 bytes  1.442,00 bytes/sec
total size is 3.145.737  speedup is 4.363,02
2024-11-21 11:28:59 - Sauvegarde incrementale terminee avec succes
2024-11-21 11:28:59 - Suppression des sauvegardes de plus de 30 jours
find: '/home/save/tickets/incremental/': No such file or directory
2024-11-21 11:29:00 - Processus de sauvegarde termine
2024-11-21 11:40:24 - Debut de la sauvegarde incrementale des fichiers
opening connection using: ssh -i /home/rrotter/.ssh/id_rsa -l save srv-backup rsync --server -vvblogDtprze.iLsfxCIvu --backup-dir "/home/save/fichiers/incremental//2024-11-21_11:40:24" --delete . /home/save/fichiers/current//  (14 args)
sending incremental file list
(new) backup_dir is /home/save/fichiers/incremental//2024-11-21_11:40:24
delta-transmission enabled
pdf/
pdf/merci.pdf
ppt/
ppt/demo.ppt
txt/
txt/notes.txt
rsync error: error in file IO (code 11) at rsync.c(739) [receiver=3.2.7]
2024-11-21 11:40:24 - Erreur lors de la sauvegarde incrementale
2024-11-21 11:40:28 - Debut de la sauvegarde incrementale des sites
opening connection using: ssh -i /home/rrotter/.ssh/id_rsa -l save srv-backup rsync --server -vvblogDtprze.iLsfxCIvu --backup-dir "/home/save/site/incremental//2024-11-21_11:40:28" --delete . /home/save/site/current//  (14 args)
sending incremental file list
(new) backup_dir is /home/save/site/incremental//2024-11-21_11:40:28
delta-transmission enabled
css/
css/code.css
html/
html/index.html
image/
image/image.jpeg
js/
js/code.js
rsync error: error in file IO (code 11) at rsync.c(739) [receiver=3.2.7]
2024-11-21 11:40:29 - Erreur lors de la sauvegarde incrementale
2024-11-21 11:40:34 - Debut de la sauvegarde incrementale des tickets
opening connection using: ssh -i /home/rrotter/.ssh/id_rsa -l save srv-backup rsync --server -vvblogDtprze.iLsfxCIvu --backup-dir "/home/save/tickets/incremental//2024-11-21_11:40:34" --delete . /home/save/tickets/current//  (14 args)
sending incremental file list
(new) backup_dir is /home/save/tickets/incremental//2024-11-21_11:40:34
delta-transmission enabled
client/
client/client1
finance/
finance/fin1
marketing/
marketing/mkt1
rsync error: error in file IO (code 11) at rsync.c(739) [receiver=3.2.7]
2024-11-21 11:40:34 - Erreur lors de la sauvegarde incrementale
2024-11-21 11:44:13 - Debut de la sauvegarde incrementale des fichiers
opening connection using: ssh -i /home/rrotter/.ssh/id_rsa -l save srv-backup rsync --server -vvblogDtprze.iLsfxCIvu --backup-dir "/home/save/fichiers/incremental/2024-11-21_11:44:13" --delete . /home/save/fichiers/current/  (14 args)
sending incremental file list
(new) backup_dir is /home/save/fichiers/incremental/2024-11-21_11:44:13
delta-transmission enabled
pdf/
pdf/merci.pdf
ppt/demo.ppt
txt/notes.txt
backed up pdf/merci.pdf to /home/save/fichiers/incremental/2024-11-21_11:44:13/pdf/merci.pdf
backed up ppt/demo.ppt to /home/save/fichiers/incremental/2024-11-21_11:44:13/ppt/demo.ppt
backed up txt/notes.txt to /home/save/fichiers/incremental/2024-11-21_11:44:13/txt/notes.txt
total: matches=3075  hash_hits=3075  false_alarms=0 data=3

sent 385 bytes  received 18.938 bytes  12.882,00 bytes/sec
total size is 3.145.740  speedup is 162,80
2024-11-21 11:44:14 - Sauvegarde incrementale terminee avec succes
2024-11-21 11:44:14 - Suppression des sauvegardes de plus de 30 jours
2024-11-21 11:44:14 - Processus de sauvegarde termine
2024-11-21 11:51:52 - Debut de la sauvegarde incrementale des emails
opening connection using: ssh -i /home/rrotter/.ssh/id_rsa -l save srv-backup rsync --server -vvblogDtprze.iLsfxCIvu --backup-dir "/home/save/emails/incremental/2024-11-21_11:51:52" --delete . /home/save/emails/current/  (14 args)
sending incremental file list
(new) backup_dir is /home/save/emails/incremental/2024-11-21_11:51:52
delta-transmission enabled
joseph/joseph.pst is uptodate
michel/
michel/michel.pst
sonia/
sonia/sonia.pst
backed up michel/michel.pst to /home/save/emails/incremental/2024-11-21_11:51:52/michel/michel.pst
backed up sonia/sonia.pst to /home/save/emails/incremental/2024-11-21_11:51:52/sonia/sonia.pst
total: matches=2050  hash_hits=2050  false_alarms=0 data=3

sent 364 bytes  received 12.717 bytes  26.162,00 bytes/sec
total size is 3.145.739  speedup is 240,48
2024-11-21 11:51:52 - Sauvegarde incrementale terminee avec succes
2024-11-21 11:51:52 - Suppression des sauvegardes de plus de 30 jours
2024-11-21 11:51:53 - Processus de sauvegarde termine
2024-11-21 11:52:21 - Debut de la sauvegarde incrementale de rh
opening connection using: ssh -i /home/rrotter/.ssh/id_rsa -l save srv-backup rsync --server -vvblogDtprze.iLsfxCIvu --backup-dir "/home/save/rh/incremental/2024-11-21_11:52:21" --delete . /home/save/rh/current/  (14 args)
sending incremental file list
(new) backup_dir is /home/save/rh/incremental/2024-11-21_11:52:21
delta-transmission enabled
bulletins/
bulletins/2024
conges/
conges/toussaint
contrats/
contrats/solde
backed up bulletins/2024 to /home/save/rh/incremental/2024-11-21_11:52:21/bulletins/2024
backed up conges/toussaint to /home/save/rh/incremental/2024-11-21_11:52:21/conges/toussaint
backed up contrats/solde to /home/save/rh/incremental/2024-11-21_11:52:21/contrats/solde
total: matches=3073  hash_hits=3073  false_alarms=0 data=11

sent 421 bytes  received 18.914 bytes  38.670,00 bytes/sec
total size is 3.145.745  speedup is 162,70
2024-11-21 11:52:22 - Sauvegarde incrementale terminee avec succes
2024-11-21 11:52:22 - Suppression des sauvegardes de plus de 30 jours
2024-11-21 11:52:22 - Processus de sauvegarde termine
2024-11-21 11:52:58 - Debut de la sauvegarde incrementale des fichiers
opening connection using: ssh -i /home/rrotter/.ssh/id_rsa -l save srv-backup rsync --server -vvblogDtprze.iLsfxCIvu --backup-dir "/home/save/fichiers/incremental/2024-11-21_11:52:58" --delete . /home/save/fichiers/current/  (14 args)
sending incremental file list
(new) backup_dir is /home/save/fichiers/incremental/2024-11-21_11:52:58
delta-transmission enabled
pdf/merci.pdf is uptodate
ppt/demo.ppt is uptodate
txt/notes.txt is uptodate
total: matches=0  hash_hits=0  false_alarms=0 data=0

sent 249 bytes  received 236 bytes  323,33 bytes/sec
total size is 3.145.740  speedup is 6.486,06
2024-11-21 11:52:59 - Sauvegarde incrementale terminee avec succes
2024-11-21 11:52:59 - Suppression des sauvegardes de plus de 30 jours
2024-11-21 11:52:59 - Processus de sauvegarde termine
2024-11-21 11:53:02 - Debut de la sauvegarde incrementale des sites
opening connection using: ssh -i /home/rrotter/.ssh/id_rsa -l save srv-backup rsync --server -vvblogDtprze.iLsfxCIvu --backup-dir "/home/save/site/incremental/2024-11-21_11:53:02" --delete . /home/save/site/current/  (14 args)
sending incremental file list
(new) backup_dir is /home/save/site/incremental/2024-11-21_11:53:02
delta-transmission enabled
css/
css/code.css
html/index.html
image/image.jpeg
js/code.js
backed up css/code.css to /home/save/site/incremental/2024-11-21_11:53:02/css/code.css
backed up html/index.html to /home/save/site/incremental/2024-11-21_11:53:02/html/index.html
backed up image/image.jpeg to /home/save/site/incremental/2024-11-21_11:53:02/image/image.jpeg
backed up js/code.js to /home/save/site/incremental/2024-11-21_11:53:02/js/code.js
total: matches=4100  hash_hits=4100  false_alarms=0 data=4

sent 484 bytes  received 25.192 bytes  51.352,00 bytes/sec
total size is 4.194.320  speedup is 163,36
2024-11-21 11:53:02 - Sauvegarde incrementale terminee avec succes
2024-11-21 11:53:02 - Suppression des sauvegardes de plus de 30 jours
2024-11-21 11:53:03 - Processus de sauvegarde termine
2024-11-21 11:53:05 - Debut de la sauvegarde incrementale des tickets
opening connection using: ssh -i /home/rrotter/.ssh/id_rsa -l save srv-backup rsync --server -vvblogDtprze.iLsfxCIvu --backup-dir "/home/save/tickets/incremental/2024-11-21_11:53:05" --delete . /home/save/tickets/current/  (14 args)
sending incremental file list
(new) backup_dir is /home/save/tickets/incremental/2024-11-21_11:53:05
delta-transmission enabled
client/
client/client1
finance/fin1
marketing/mkt1
backed up client/client1 to /home/save/tickets/incremental/2024-11-21_11:53:05/client/client1
backed up finance/fin1 to /home/save/tickets/incremental/2024-11-21_11:53:05/finance/fin1
backed up marketing/mkt1 to /home/save/tickets/incremental/2024-11-21_11:53:05/marketing/mkt1
total: matches=3075  hash_hits=3075  false_alarms=0 data=4

sent 399 bytes  received 18.938 bytes  12.891,33 bytes/sec
total size is 3.145.741  speedup is 162,68
2024-11-21 11:53:06 - Sauvegarde incrementale terminee avec succes
2024-11-21 11:53:06 - Suppression des sauvegardes de plus de 30 jours
2024-11-21 11:53:06 - Processus de sauvegarde termine
2024-11-21 11:54:19 - Debut du processus de sauvegarde - dans la plage horaire 01:00-04:00
2024-11-21 11:54:19 - Debut de la sauvegarde differentielle pour emails
opening connection using: ssh -i /home/rrotter/.ssh/id_rsa -l save srv-backup rsync --server -vvlogDtprze.iLsfxCIvu --delete . /home/save/vms/emails/  (12 args)
sending incremental file list
delta-transmission enabled
joseph/joseph.pst is uptodate
michel/
michel/michel.pst
sonia/
sonia/sonia.pst
total: matches=2050  hash_hits=2050  false_alarms=0 data=3

sent 364 bytes  received 12.441 bytes  25.610,00 bytes/sec
total size is 3.145.739  speedup is 245,66
2024-11-21 11:54:19 - Sauvegarde differentielle de emails terminee avec succes
2024-11-21 11:54:19 - Debut de la sauvegarde differentielle pour fichiers
opening connection using: ssh -i /home/rrotter/.ssh/id_rsa -l save srv-backup rsync --server -vvlogDtprze.iLsfxCIvu --delete . /home/save/vms/fichiers/  (12 args)
sending incremental file list
delta-transmission enabled
pdf/
pdf/merci.pdf
ppt/
ppt/demo.ppt
txt/
txt/notes.txt
total: matches=3075  hash_hits=3075  false_alarms=0 data=3

sent 385 bytes  received 18.573 bytes  37.916,00 bytes/sec
total size is 3.145.740  speedup is 165,93
2024-11-21 11:54:20 - Sauvegarde differentielle de fichiers terminee avec succes
2024-11-21 11:54:20 - Debut de la sauvegarde differentielle pour site
opening connection using: ssh -i /home/rrotter/.ssh/id_rsa -l save srv-backup rsync --server -vvlogDtprze.iLsfxCIvu --delete . /home/save/vms/site/  (12 args)
sending incremental file list
delta-transmission enabled
css/
css/code.css
html/
html/index.html
image/
image/image.jpeg
js/
js/code.js
total: matches=4100  hash_hits=4100  false_alarms=0 data=4

sent 484 bytes  received 24.746 bytes  16.820,00 bytes/sec
total size is 4.194.320  speedup is 166,24
2024-11-21 11:54:21 - Sauvegarde differentielle de site terminee avec succes
2024-11-21 11:54:21 - Debut de la sauvegarde differentielle pour rh
opening connection using: ssh -i /home/rrotter/.ssh/id_rsa -l save srv-backup rsync --server -vvlogDtprze.iLsfxCIvu --delete . /home/save/vms/rh/  (12 args)
sending incremental file list
delta-transmission enabled
bulletins/
bulletins/2024
conges/
conges/toussaint
contrats/
contrats/solde
total: matches=3075  hash_hits=3075  false_alarms=0 data=3

sent 403 bytes  received 18.573 bytes  37.952,00 bytes/sec
total size is 3.145.745  speedup is 165,77
2024-11-21 11:54:21 - Sauvegarde differentielle de rh terminee avec succes
2024-11-21 11:54:21 - Debut de la sauvegarde differentielle pour tickets
opening connection using: ssh -i /home/rrotter/.ssh/id_rsa -l save srv-backup rsync --server -vvlogDtprze.iLsfxCIvu --delete . /home/save/vms/tickets/  (12 args)
sending incremental file list
delta-transmission enabled
client/
client/client1
finance/
finance/fin1
marketing/
marketing/mkt1
total: matches=3075  hash_hits=3075  false_alarms=0 data=4

sent 399 bytes  received 18.573 bytes  37.944,00 bytes/sec
total size is 3.145.741  speedup is 165,81
2024-11-21 11:54:22 - Sauvegarde differentielle de tickets terminee avec succes
2024-11-21 11:54:22 - Fin du processus de sauvegarde
2024-11-22 14:20:19 - Debut du processus de sauvegarde - dans la plage horaire 01:00-04:00
2024-11-22 14:20:19 - Debut de la sauvegarde differentielle pour emails
opening connection using: ssh -i /home/rrotter/.ssh/id_rsa -l save srv-backup rsync --server -vvlogDtprze.iLsfxCIvu --delete . /home/save/vms/emails/  (12 args)
sending incremental file list
delta-transmission enabled
joseph/joseph.pst is uptodate
michel/michel.pst is uptodate
sonia/sonia.pst is uptodate
total: matches=0  hash_hits=0  false_alarms=0 data=0

sent 269 bytes  received 171 bytes  880,00 bytes/sec
total size is 3.145.739  speedup is 7.149,41
2024-11-22 14:20:20 - Sauvegarde differentielle de emails terminee avec succes
2024-11-22 14:20:20 - Debut de la sauvegarde differentielle pour fichiers
opening connection using: ssh -i /home/rrotter/.ssh/id_rsa -l save srv-backup rsync --server -vvlogDtprze.iLsfxCIvu --delete . /home/save/vms/fichiers/  (12 args)
sending incremental file list
delta-transmission enabled
pdf/merci.pdf is uptodate
ppt/demo.ppt is uptodate
txt/notes.txt is uptodate
pdf/
total: matches=0  hash_hits=0  false_alarms=0 data=0

sent 249 bytes  received 160 bytes  818,00 bytes/sec
total size is 3.145.740  speedup is 7.691,30
2024-11-22 14:20:21 - Sauvegarde differentielle de fichiers terminee avec succes
2024-11-22 14:20:21 - Debut de la sauvegarde differentielle pour site
opening connection using: ssh -i /home/rrotter/.ssh/id_rsa -l save srv-backup rsync --server -vvlogDtprze.iLsfxCIvu --delete . /home/save/vms/site/  (12 args)
sending incremental file list
delta-transmission enabled
css/code.css is uptodate
html/index.html is uptodate
image/image.jpeg is uptodate
js/code.js is uptodate
total: matches=0  hash_hits=0  false_alarms=0 data=0

sent 306 bytes  received 199 bytes  1.010,00 bytes/sec
total size is 4.194.320  speedup is 8.305,58
2024-11-22 14:20:22 - Sauvegarde differentielle de site terminee avec succes
2024-11-22 14:20:22 - Debut de la sauvegarde differentielle pour rh
opening connection using: ssh -i /home/rrotter/.ssh/id_rsa -l save srv-backup rsync --server -vvlogDtprze.iLsfxCIvu --delete . /home/save/vms/rh/  (12 args)
sending incremental file list
delta-transmission enabled
bulletins/2024 is uptodate
conges/toussaint is uptodate
contrats/solde is uptodate
total: matches=0  hash_hits=0  false_alarms=0 data=0

sent 267 bytes  received 166 bytes  866,00 bytes/sec
total size is 3.145.745  speedup is 7.265,00
2024-11-22 14:20:23 - Sauvegarde differentielle de rh terminee avec succes
2024-11-22 14:20:23 - Debut de la sauvegarde differentielle pour tickets
opening connection using: ssh -i /home/rrotter/.ssh/id_rsa -l save srv-backup rsync --server -vvlogDtprze.iLsfxCIvu --delete . /home/save/vms/tickets/  (12 args)
sending incremental file list
delta-transmission enabled
client/client1 is uptodate
finance/fin1 is uptodate
marketing/mkt1 is uptodate
total: matches=0  hash_hits=0  false_alarms=0 data=0

sent 258 bytes  received 158 bytes  832,00 bytes/sec
total size is 3.145.741  speedup is 7.561,88
2024-11-22 14:20:24 - Sauvegarde differentielle de tickets terminee avec succes
2024-11-22 14:20:24 - Fin du processus de sauvegarde
2024-11-22 14:40:08 - Debut du processus de sauvegarde - dans la plage horaire 01:00-04:00
2024-11-22 14:40:08 - Debut de la sauvegarde differentielle pour emails
opening connection using: ssh -i /home/rrotter/.ssh/id_rsa -l save srv-backup rsync --server -vvlogDtprze.iLsfxCIvu --bwlimit=20480 --delete-after . /home/save/vms/emails/  (13 args)
building file list ... done
delta-transmission enabled
joseph/joseph.pst is uptodate
michel/michel.pst is uptodate
sonia/sonia.pst is uptodate
total: matches=0  hash_hits=0  false_alarms=0 data=0
deleting in .

sent 260 bytes  received 167 bytes  284,67 bytes/sec
total size is 3.145.739  speedup is 7.367,07
2024-11-22 14:40:09 - Sauvegarde differentielle de emails terminee avec succes
2024-11-22 14:40:09 - Debut de la sauvegarde differentielle pour fichiers
opening connection using: ssh -i /home/rrotter/.ssh/id_rsa -l save srv-backup rsync --server -vvlogDtprze.iLsfxCIvu --bwlimit=20480 --delete-after . /home/save/vms/fichiers/  (13 args)
building file list ... done
delta-transmission enabled
pdf/merci.pdf is uptodate
ppt/demo.ppt is uptodate
txt/notes.txt is uptodate
total: matches=0  hash_hits=0  false_alarms=0 data=0
deleting in .

sent 240 bytes  received 156 bytes  792,00 bytes/sec
total size is 3.145.740  speedup is 7.943,79
2024-11-22 14:40:09 - Sauvegarde differentielle de fichiers terminee avec succes
2024-11-22 14:40:09 - Debut de la sauvegarde differentielle pour site
opening connection using: ssh -i /home/rrotter/.ssh/id_rsa -l save srv-backup rsync --server -vvlogDtprze.iLsfxCIvu --bwlimit=20480 --delete-after . /home/save/vms/site/  (13 args)
building file list ... done
delta-transmission enabled
css/code.css is uptodate
html/index.html is uptodate
image/image.jpeg is uptodate
js/code.js is uptodate
total: matches=0  hash_hits=0  false_alarms=0 data=0
deleting in .

sent 298 bytes  received 194 bytes  984,00 bytes/sec
total size is 4.194.320  speedup is 8.525,04
2024-11-22 14:40:10 - Sauvegarde differentielle de site terminee avec succes
2024-11-22 14:40:10 - Debut de la sauvegarde differentielle pour rh
opening connection using: ssh -i /home/rrotter/.ssh/id_rsa -l save srv-backup rsync --server -vvlogDtprze.iLsfxCIvu --bwlimit=20480 --delete-after . /home/save/vms/rh/  (13 args)
building file list ... done
delta-transmission enabled
bulletins/2024 is uptodate
conges/toussaint is uptodate
contrats/solde is uptodate
total: matches=0  hash_hits=0  false_alarms=0 data=0
deleting in .

sent 258 bytes  received 162 bytes  280,00 bytes/sec
total size is 3.145.745  speedup is 7.489,87
2024-11-22 14:40:11 - Sauvegarde differentielle de rh terminee avec succes
2024-11-22 14:40:11 - Debut de la sauvegarde differentielle pour tickets
opening connection using: ssh -i /home/rrotter/.ssh/id_rsa -l save srv-backup rsync --server -vvlogDtprze.iLsfxCIvu --bwlimit=20480 --delete-after . /home/save/vms/tickets/  (13 args)
building file list ... done
delta-transmission enabled
client/client1 is uptodate
finance/fin1 is uptodate
marketing/mkt1 is uptodate
total: matches=0  hash_hits=0  false_alarms=0 data=0
deleting in .

sent 253 bytes  received 158 bytes  274,00 bytes/sec
total size is 3.145.741  speedup is 7.653,87
2024-11-22 14:40:12 - Sauvegarde differentielle de tickets terminee avec succes
2024-11-22 14:40:12 - Fin du processus de sauvegarde
2024-11-22 16:27:30 - Debut de la sauvegarde incrementale des emails
opening connection using: ssh -i /home/rrotter/.ssh/id_rsa -l save srv-backup rsync --server -vvblogDtprze.iLsfxCIvu --backup-dir "/home/save/emails/incremental/2024-11-22_16:27:30" --delete . /home/save/emails/current/  (14 args)
sending incremental file list
(new) backup_dir is /home/save/emails/incremental/2024-11-22_16:27:30
delta-transmission enabled
michel/michel.pst is uptodate
sonia/sonia.pst is uptodate
joseph/
joseph/joseph.pst
backed up joseph/joseph.pst to /home/save/emails/incremental/2024-11-22_16:27:30/joseph/joseph.pst
total: matches=1025  hash_hits=1025  false_alarms=0 data=2

sent 324 bytes  received 6.484 bytes  13.616,00 bytes/sec
total size is 3.145.741  speedup is 462,07
2024-11-22 16:27:30 - Sauvegarde incrementale terminee avec succes
2024-11-22 16:27:30 - Suppression des sauvegardes de plus de 30 jours
2024-11-22 16:27:31 - Processus de sauvegarde termine
2024-11-22 16:38:41 - Debut du processus de sauvegarde - dans la plage horaire 01:00-04:00
2024-11-22 16:38:41 - Debut de la sauvegarde differentielle pour emails
opening connection using: ssh -i /home/rrotter/.ssh/id_rsa -l save srv-backup rsync --server -vvlogDtprze.iLsfxCIvu --bwlimit=20480 --delete-after . /home/save/vms/emails/  (13 args)
building file list ... done
delta-transmission enabled
michel/michel.pst is uptodate
sonia/sonia.pst is uptodate
joseph/
joseph/joseph.pst
total: matches=1025  hash_hits=1025  false_alarms=0 data=2
deleting in .

sent 311 bytes  received 6.299 bytes  13.220,00 bytes/sec
total size is 3.145.741  speedup is 475,91
2024-11-22 16:38:42 - Sauvegarde differentielle de emails terminee avec succes
2024-11-22 16:38:42 - Debut de la sauvegarde differentielle pour fichiers
opening connection using: ssh -i /home/rrotter/.ssh/id_rsa -l save srv-backup rsync --server -vvlogDtprze.iLsfxCIvu --bwlimit=20480 --delete-after . /home/save/vms/fichiers/  (13 args)
building file list ... done
delta-transmission enabled
pdf/merci.pdf is uptodate
ppt/demo.ppt is uptodate
txt/notes.txt is uptodate
total: matches=0  hash_hits=0  false_alarms=0 data=0
deleting in .

sent 236 bytes  received 156 bytes  261,33 bytes/sec
total size is 3.145.740  speedup is 8.024,85
2024-11-22 16:38:43 - Sauvegarde differentielle de fichiers terminee avec succes
2024-11-22 16:38:43 - Debut de la sauvegarde differentielle pour site
opening connection using: ssh -i /home/rrotter/.ssh/id_rsa -l save srv-backup rsync --server -vvlogDtprze.iLsfxCIvu --bwlimit=20480 --delete-after . /home/save/vms/site/  (13 args)
building file list ... done
delta-transmission enabled
css/code.css is uptodate
html/index.html is uptodate
image/image.jpeg is uptodate
js/code.js is uptodate
total: matches=0  hash_hits=0  false_alarms=0 data=0
deleting in .

sent 298 bytes  received 194 bytes  984,00 bytes/sec
total size is 4.194.320  speedup is 8.525,04
2024-11-22 16:38:43 - Sauvegarde differentielle de site terminee avec succes
2024-11-22 16:38:43 - Debut de la sauvegarde differentielle pour rh
opening connection using: ssh -i /home/rrotter/.ssh/id_rsa -l save srv-backup rsync --server -vvlogDtprze.iLsfxCIvu --bwlimit=20480 --delete-after . /home/save/vms/rh/  (13 args)
building file list ... done
delta-transmission enabled
bulletins/2024 is uptodate
conges/toussaint is uptodate
contrats/solde is uptodate
total: matches=0  hash_hits=0  false_alarms=0 data=0
deleting in .

sent 258 bytes  received 162 bytes  840,00 bytes/sec
total size is 3.145.745  speedup is 7.489,87
2024-11-22 16:38:44 - Sauvegarde differentielle de rh terminee avec succes
2024-11-22 16:38:44 - Debut de la sauvegarde differentielle pour tickets
opening connection using: ssh -i /home/rrotter/.ssh/id_rsa -l save srv-backup rsync --server -vvlogDtprze.iLsfxCIvu --bwlimit=20480 --delete-after . /home/save/vms/tickets/  (13 args)
building file list ... done
delta-transmission enabled
client/client1 is uptodate
finance/fin1 is uptodate
marketing/mkt1 is uptodate
total: matches=0  hash_hits=0  false_alarms=0 data=0
deleting in .

sent 253 bytes  received 158 bytes  274,00 bytes/sec
total size is 3.145.741  speedup is 7.653,87
2024-11-22 16:38:45 - Sauvegarde differentielle de tickets terminee avec succes
2024-11-22 16:38:45 - Fin du processus de sauvegarde
2024-11-22 16:46:55 - Debut du processus de sauvegarde - dans la plage horaire 01:00-04:00
2024-11-22 16:46:55 - Debut de la sauvegarde differentielle pour emails
opening connection using: ssh -i /home/rrotter/.ssh/id_rsa -l save srv-backup rsync --server -vvlogDtprze.iLsfxCIvu --bwlimit=20480 --delete-after . /home/save/vms/emails/  (13 args)
building file list ... done
delta-transmission enabled
joseph/joseph.pst is uptodate
michel/michel.pst is uptodate
sonia/
sonia/sonia.pst
total: matches=1025  hash_hits=1025  false_alarms=0 data=2
deleting in .

sent 311 bytes  received 6.301 bytes  13.224,00 bytes/sec
total size is 3.145.743  speedup is 475,76
2024-11-22 16:46:56 - Sauvegarde differentielle de emails terminee avec succes
2024-11-22 16:46:56 - Debut de la sauvegarde differentielle pour fichiers
opening connection using: ssh -i /home/rrotter/.ssh/id_rsa -l save srv-backup rsync --server -vvlogDtprze.iLsfxCIvu --bwlimit=20480 --delete-after . /home/save/vms/fichiers/  (13 args)
building file list ... done
delta-transmission enabled
pdf/merci.pdf is uptodate
ppt/demo.ppt is uptodate
txt/notes.txt is uptodate
total: matches=0  hash_hits=0  false_alarms=0 data=0
deleting in .

sent 240 bytes  received 156 bytes  792,00 bytes/sec
total size is 3.145.740  speedup is 7.943,79
2024-11-22 16:46:56 - Sauvegarde differentielle de fichiers terminee avec succes
2024-11-22 16:46:56 - Debut de la sauvegarde differentielle pour site
opening connection using: ssh -i /home/rrotter/.ssh/id_rsa -l save srv-backup rsync --server -vvlogDtprze.iLsfxCIvu --bwlimit=20480 --delete-after . /home/save/vms/site/  (13 args)
building file list ... done
delta-transmission enabled
css/code.css is uptodate
html/index.html is uptodate
image/image.jpeg is uptodate
js/code.js is uptodate
total: matches=0  hash_hits=0  false_alarms=0 data=0
deleting in .

sent 298 bytes  received 194 bytes  984,00 bytes/sec
total size is 4.194.320  speedup is 8.525,04
2024-11-22 16:46:57 - Sauvegarde differentielle de site terminee avec succes
2024-11-22 16:46:57 - Debut de la sauvegarde differentielle pour rh
opening connection using: ssh -i /home/rrotter/.ssh/id_rsa -l save srv-backup rsync --server -vvlogDtprze.iLsfxCIvu --bwlimit=20480 --delete-after . /home/save/vms/rh/  (13 args)
building file list ... done
delta-transmission enabled
bulletins/2024 is uptodate
conges/toussaint is uptodate
contrats/solde is uptodate
total: matches=0  hash_hits=0  false_alarms=0 data=0
deleting in .

sent 258 bytes  received 162 bytes  280,00 bytes/sec
total size is 3.145.745  speedup is 7.489,87
2024-11-22 16:46:58 - Sauvegarde differentielle de rh terminee avec succes
2024-11-22 16:46:58 - Debut de la sauvegarde differentielle pour tickets
opening connection using: ssh -i /home/rrotter/.ssh/id_rsa -l save srv-backup rsync --server -vvlogDtprze.iLsfxCIvu --bwlimit=20480 --delete-after . /home/save/vms/tickets/  (13 args)
building file list ... done
delta-transmission enabled
client/client1 is uptodate
finance/fin1 is uptodate
marketing/mkt1 is uptodate
total: matches=0  hash_hits=0  false_alarms=0 data=0
deleting in .

sent 253 bytes  received 158 bytes  822,00 bytes/sec
total size is 3.145.741  speedup is 7.653,87
2024-11-22 16:46:58 - Sauvegarde differentielle de tickets terminee avec succes
2024-11-22 16:46:58 - Fin du processus de sauvegarde
2024-11-22 16:58:30 - Debut de la sauvegarde incrementale des emails
opening connection using: ssh -i /home/rrotter/.ssh/id_rsa -l save srv-backup rsync --server -vvblogDtprze.iLsfxCIvu --backup-dir "/home/save/emails/incremental/2024-11-22_16:58:30" --delete . /home/save/emails/current/  (14 args)
sending incremental file list
(new) backup_dir is /home/save/emails/incremental/2024-11-22_16:58:30
delta-transmission enabled
joseph/joseph.pst is uptodate
michel/michel.pst is uptodate
sonia/
sonia/sonia.pst
backed up sonia/sonia.pst to /home/save/emails/incremental/2024-11-22_16:58:30/sonia/sonia.pst
total: matches=1025  hash_hits=1025  false_alarms=0 data=2

sent 324 bytes  received 6.482 bytes  13.612,00 bytes/sec
total size is 3.145.743  speedup is 462,20
2024-11-22 16:58:30 - Sauvegarde incrementale terminee avec succes
2024-11-22 16:58:30 - Suppression des sauvegardes de plus de 30 jours
2024-11-22 16:58:31 - Processus de sauvegarde termine
2024-11-22 18:37:17 - Debut du processus de sauvegarde - dans la plage horaire 01:00-04:00
2024-11-22 18:37:17 - Debut de la sauvegarde differentielle pour emails
opening connection using: ssh -i /home/rrotter/.ssh/id_rsa -l save srv-backup rsync --server -vvlogDtprze.iLsfxCIvu --bwlimit=20480 --delete-after . /home/save/vms/emails/  (13 args)
building file list ... done
delta-transmission enabled
joseph/joseph.pst is uptodate
michel/michel.pst is uptodate
sonia/sonia.pst is uptodate
joseph/
sonia/
total: matches=0  hash_hits=0  false_alarms=0 data=0
deleting in .

sent 262 bytes  received 167 bytes  286,00 bytes/sec
total size is 3.145.743  speedup is 7.332,73
2024-11-22 18:37:18 - Sauvegarde differentielle de emails terminee avec succes
2024-11-22 18:37:18 - Debut de la sauvegarde differentielle pour fichiers
opening connection using: ssh -i /home/rrotter/.ssh/id_rsa -l save srv-backup rsync --server -vvlogDtprze.iLsfxCIvu --bwlimit=20480 --delete-after . /home/save/vms/fichiers/  (13 args)
building file list ... done
delta-transmission enabled
pdf/merci.pdf is uptodate
ppt/demo.ppt is uptodate
txt/notes.txt is uptodate
total: matches=0  hash_hits=0  false_alarms=0 data=0
deleting in .

sent 240 bytes  received 156 bytes  792,00 bytes/sec
total size is 3.145.740  speedup is 7.943,79
2024-11-22 18:37:18 - Sauvegarde differentielle de fichiers terminee avec succes
2024-11-22 18:37:18 - Debut de la sauvegarde differentielle pour site
opening connection using: ssh -i /home/rrotter/.ssh/id_rsa -l save srv-backup rsync --server -vvlogDtprze.iLsfxCIvu --bwlimit=20480 --delete-after . /home/save/vms/site/  (13 args)
building file list ... done
delta-transmission enabled
css/code.css is uptodate
html/index.html is uptodate
image/image.jpeg is uptodate
js/code.js is uptodate
total: matches=0  hash_hits=0  false_alarms=0 data=0
deleting in .

sent 298 bytes  received 194 bytes  984,00 bytes/sec
total size is 4.194.320  speedup is 8.525,04
2024-11-22 18:37:19 - Sauvegarde differentielle de site terminee avec succes
2024-11-22 18:37:19 - Debut de la sauvegarde differentielle pour rh
opening connection using: ssh -i /home/rrotter/.ssh/id_rsa -l save srv-backup rsync --server -vvlogDtprze.iLsfxCIvu --bwlimit=20480 --delete-after . /home/save/vms/rh/  (13 args)
building file list ... done
delta-transmission enabled
bulletins/2024 is uptodate
conges/toussaint is uptodate
contrats/solde is uptodate
total: matches=0  hash_hits=0  false_alarms=0 data=0
deleting in .

sent 258 bytes  received 162 bytes  280,00 bytes/sec
total size is 3.145.745  speedup is 7.489,87
2024-11-22 18:37:20 - Sauvegarde differentielle de rh terminee avec succes
2024-11-22 18:37:20 - Debut de la sauvegarde differentielle pour tickets
opening connection using: ssh -i /home/rrotter/.ssh/id_rsa -l save srv-backup rsync --server -vvlogDtprze.iLsfxCIvu --bwlimit=20480 --delete-after . /home/save/vms/tickets/  (13 args)
building file list ... done
delta-transmission enabled
client/client1 is uptodate
finance/fin1 is uptodate
marketing/mkt1 is uptodate
total: matches=0  hash_hits=0  false_alarms=0 data=0
deleting in .

sent 253 bytes  received 158 bytes  822,00 bytes/sec
total size is 3.145.741  speedup is 7.653,87
2024-11-22 18:37:20 - Sauvegarde differentielle de tickets terminee avec succes
2024-11-22 18:37:20 - Fin du processus de sauvegarde
