2024-11-19 23:06:27 - Début de la restauration différentielle du répertoire emails
2024-11-19 23:06:27 - Aucune sauvegarde trouvée pour emails
2024-11-19 23:06:27 - Impossible de restaurer emails - sauvegarde invalide ou trop ancienne
2024-11-19 23:06:27 - Début de la restauration différentielle du répertoire tickets
2024-11-19 23:06:27 - Aucune sauvegarde trouvée pour tickets
2024-11-19 23:06:27 - Impossible de restaurer tickets - sauvegarde invalide ou trop ancienne
2024-11-19 23:06:27 - Début de la restauration différentielle du répertoire site
2024-11-19 23:06:28 - Aucune sauvegarde trouvée pour site
2024-11-19 23:06:28 - Impossible de restaurer site - sauvegarde invalide ou trop ancienne
2024-11-19 23:06:28 - Début de la restauration différentielle du répertoire rh
2024-11-19 23:06:28 - Aucune sauvegarde trouvée pour rh
2024-11-19 23:06:28 - Impossible de restaurer rh - sauvegarde invalide ou trop ancienne
2024-11-19 23:06:28 - Début de la restauration différentielle du répertoire fichiers
2024-11-19 23:06:28 - Aucune sauvegarde trouvée pour fichiers
2024-11-19 23:06:28 - Impossible de restaurer fichiers - sauvegarde invalide ou trop ancienne
2024-11-19 23:06:28 - Restauration différentielle de tous les répertoires terminée
2024-11-19 23:10:09 - Début de la restauration différentielle du répertoire emails
2024-11-19 23:10:10 - Restauration différentielle de emails terminée avec succès
2024-11-19 23:10:10 - Début de la restauration différentielle du répertoire tickets
2024-11-19 23:10:11 - Restauration différentielle de tickets terminée avec succès
2024-11-19 23:10:11 - Début de la restauration différentielle du répertoire site
2024-11-19 23:10:12 - Restauration différentielle de site terminée avec succès
2024-11-19 23:10:12 - Début de la restauration différentielle du répertoire rh
2024-11-19 23:10:13 - Restauration différentielle de rh terminée avec succès
2024-11-19 23:10:13 - Début de la restauration différentielle du répertoire fichiers
2024-11-19 23:10:14 - Restauration différentielle de fichiers terminée avec succès
2024-11-19 23:10:14 - Restauration différentielle de tous les répertoires terminée
2024-11-19 23:16:05 - Debut de la restauration differentielle du repertoire emails
2024-11-19 23:16:06 - Restauration differentielle de emails terminee avec succes
2024-11-20 21:17:15 - Debut de la restauration differentielle du repertoire emails
2024-11-20 21:17:16 - Restauration differentielle de emails terminee avec succes
2024-11-20 21:17:16 - Debut de la restauration differentielle du repertoire tickets
2024-11-20 21:17:17 - Restauration differentielle de tickets terminee avec succes
2024-11-20 21:17:17 - Debut de la restauration differentielle du repertoire site
2024-11-20 21:17:18 - Restauration differentielle de site terminee avec succes
2024-11-20 21:17:18 - Debut de la restauration differentielle du repertoire rh
2024-11-20 21:17:20 - Restauration differentielle de rh terminee avec succes
2024-11-20 21:17:20 - Debut de la restauration differentielle du repertoire fichiers
2024-11-20 21:17:21 - Restauration differentielle de fichiers terminee avec succes
2024-11-20 21:17:21 - Restauration differentielle de tous les repertoires terminee
2024-11-20 21:20:12 - Debut de la restauration differentielle du repertoire emails
2024-11-20 21:20:13 - La derniere sauvegarde de emails date de plus de 24 heures
2024-11-20 21:20:13 - Impossible de restaurer emails - sauvegarde invalide ou trop ancienne
2024-11-20 21:20:13 - Debut de la restauration differentielle du repertoire tickets
2024-11-20 21:20:14 - La derniere sauvegarde de tickets date de plus de 24 heures
2024-11-20 21:20:14 - Impossible de restaurer tickets - sauvegarde invalide ou trop ancienne
2024-11-20 21:20:14 - Debut de la restauration differentielle du repertoire site
2024-11-20 21:20:15 - La derniere sauvegarde de site date de plus de 24 heures
2024-11-20 21:20:15 - Impossible de restaurer site - sauvegarde invalide ou trop ancienne
2024-11-20 21:20:15 - Debut de la restauration differentielle du repertoire rh
2024-11-20 21:20:15 - La derniere sauvegarde de rh date de plus de 24 heures
2024-11-20 21:20:15 - Impossible de restaurer rh - sauvegarde invalide ou trop ancienne
2024-11-20 21:20:15 - Debut de la restauration differentielle du repertoire fichiers
2024-11-20 21:20:16 - La derniere sauvegarde de fichiers date de plus de 24 heures
2024-11-20 21:20:16 - Impossible de restaurer fichiers - sauvegarde invalide ou trop ancienne
2024-11-20 21:20:16 - Restauration differentielle de tous les repertoires terminee
2024-11-20 21:21:13 - Debut de la restauration differentielle du repertoire emails
2024-11-20 21:21:14 - La derniere sauvegarde de emails date de plus de 24 heures
2024-11-20 21:21:14 - Impossible de restaurer emails - sauvegarde invalide ou trop ancienne
2024-11-20 21:21:14 - Debut de la restauration differentielle du repertoire tickets
2024-11-20 21:21:15 - La derniere sauvegarde de tickets date de plus de 24 heures
2024-11-20 21:21:15 - Impossible de restaurer tickets - sauvegarde invalide ou trop ancienne
2024-11-20 21:21:15 - Debut de la restauration differentielle du repertoire site
2024-11-20 21:21:15 - La derniere sauvegarde de site date de plus de 24 heures
2024-11-20 21:21:15 - Impossible de restaurer site - sauvegarde invalide ou trop ancienne
2024-11-20 21:21:15 - Debut de la restauration differentielle du repertoire rh
2024-11-20 21:21:16 - La derniere sauvegarde de rh date de plus de 24 heures
2024-11-20 21:21:16 - Impossible de restaurer rh - sauvegarde invalide ou trop ancienne
2024-11-20 21:21:16 - Debut de la restauration differentielle du repertoire fichiers
2024-11-20 21:21:17 - La derniere sauvegarde de fichiers date de plus de 24 heures
2024-11-20 21:21:17 - Impossible de restaurer fichiers - sauvegarde invalide ou trop ancienne
2024-11-20 21:21:17 - Restauration differentielle de tous les repertoires terminee
2024-11-20 21:22:37 - Debut de la restauration differentielle du repertoire emails
2024-11-20 21:22:38 - La derniere sauvegarde de emails date de plus de 24 heures
2024-11-20 21:22:38 - Impossible de restaurer emails - sauvegarde invalide ou trop ancienne
2024-11-20 21:22:38 - Debut de la restauration differentielle du repertoire tickets
2024-11-20 21:22:38 - La derniere sauvegarde de tickets date de plus de 24 heures
2024-11-20 21:22:38 - Impossible de restaurer tickets - sauvegarde invalide ou trop ancienne
2024-11-20 21:22:38 - Debut de la restauration differentielle du repertoire site
2024-11-20 21:22:39 - La derniere sauvegarde de site date de plus de 24 heures
2024-11-20 21:22:39 - Impossible de restaurer site - sauvegarde invalide ou trop ancienne
2024-11-20 21:22:39 - Debut de la restauration differentielle du repertoire rh
2024-11-20 21:22:40 - La derniere sauvegarde de rh date de plus de 24 heures
2024-11-20 21:22:40 - Impossible de restaurer rh - sauvegarde invalide ou trop ancienne
2024-11-20 21:22:40 - Debut de la restauration differentielle du repertoire fichiers
2024-11-20 21:22:40 - La derniere sauvegarde de fichiers date de plus de 24 heures
2024-11-20 21:22:40 - Impossible de restaurer fichiers - sauvegarde invalide ou trop ancienne
2024-11-20 21:22:40 - Restauration differentielle de tous les repertoires terminee
2024-11-20 21:24:29 - Debut de la restauration differentielle du repertoire emails
2024-11-20 21:24:30 - La derniere sauvegarde de emails date de plus de 24 heures
2024-11-20 21:24:30 - Impossible de restaurer emails - sauvegarde invalide ou trop ancienne
2024-11-20 21:24:30 - Debut de la restauration differentielle du repertoire tickets
2024-11-20 21:24:30 - La derniere sauvegarde de tickets date de plus de 24 heures
2024-11-20 21:24:30 - Impossible de restaurer tickets - sauvegarde invalide ou trop ancienne
2024-11-20 21:24:30 - Debut de la restauration differentielle du repertoire site
2024-11-20 21:24:31 - La derniere sauvegarde de site date de plus de 24 heures
2024-11-20 21:24:31 - Impossible de restaurer site - sauvegarde invalide ou trop ancienne
2024-11-20 21:24:31 - Debut de la restauration differentielle du repertoire rh
2024-11-20 21:24:31 - La derniere sauvegarde de rh date de plus de 24 heures
2024-11-20 21:24:31 - Impossible de restaurer rh - sauvegarde invalide ou trop ancienne
2024-11-20 21:24:31 - Debut de la restauration differentielle du repertoire fichiers
2024-11-20 21:24:32 - La derniere sauvegarde de fichiers date de plus de 24 heures
2024-11-20 21:24:32 - Impossible de restaurer fichiers - sauvegarde invalide ou trop ancienne
2024-11-20 21:24:32 - Restauration differentielle de tous les repertoires terminee
2024-11-20 21:25:03 - Restauration de la derniere version de site
2024-11-20 21:25:03 - Restauration de la derniere version de rh
2024-11-20 21:25:04 - Restauration de la derniere version de tickets
2024-11-20 21:25:04 - Restauration de la derniere version de fichiers
2024-11-20 21:25:04 - Restauration de la derniere version de emails
2024-11-20 21:25:05 - Processus de restauration termine
2024-11-20 21:26:28 - Debut de la restauration differentielle du repertoire emails
2024-11-20 21:26:28 - La derniere sauvegarde de emails date de plus de 24 heures
2024-11-20 21:26:28 - Impossible de restaurer emails - sauvegarde invalide ou trop ancienne
2024-11-20 21:26:28 - Debut de la restauration differentielle du repertoire tickets
2024-11-20 21:26:29 - La derniere sauvegarde de tickets date de plus de 24 heures
2024-11-20 21:26:29 - Impossible de restaurer tickets - sauvegarde invalide ou trop ancienne
2024-11-20 21:26:29 - Debut de la restauration differentielle du repertoire site
2024-11-20 21:26:30 - La derniere sauvegarde de site date de plus de 24 heures
2024-11-20 21:26:30 - Impossible de restaurer site - sauvegarde invalide ou trop ancienne
2024-11-20 21:26:30 - Debut de la restauration differentielle du repertoire rh
2024-11-20 21:26:30 - La derniere sauvegarde de rh date de plus de 24 heures
2024-11-20 21:26:30 - Impossible de restaurer rh - sauvegarde invalide ou trop ancienne
2024-11-20 21:26:30 - Debut de la restauration differentielle du repertoire fichiers
2024-11-20 21:26:31 - La derniere sauvegarde de fichiers date de plus de 24 heures
2024-11-20 21:26:31 - Impossible de restaurer fichiers - sauvegarde invalide ou trop ancienne
2024-11-20 21:26:31 - Restauration differentielle de tous les repertoires terminee
2024-11-20 22:28:12 - Debut de la restauration differentielle du repertoire emails
2024-11-20 22:28:13 - La derniere sauvegarde de emails date de plus de 24 heures
2024-11-20 22:28:13 - Impossible de restaurer emails - sauvegarde invalide ou trop ancienne
2024-11-20 22:28:13 - Debut de la restauration differentielle du repertoire tickets
2024-11-20 22:28:14 - La derniere sauvegarde de tickets date de plus de 24 heures
2024-11-20 22:28:14 - Impossible de restaurer tickets - sauvegarde invalide ou trop ancienne
2024-11-20 22:28:14 - Debut de la restauration differentielle du repertoire site
2024-11-20 22:28:14 - La derniere sauvegarde de site date de plus de 24 heures
2024-11-20 22:28:14 - Impossible de restaurer site - sauvegarde invalide ou trop ancienne
2024-11-20 22:28:14 - Debut de la restauration differentielle du repertoire rh
2024-11-20 22:28:15 - La derniere sauvegarde de rh date de plus de 24 heures
2024-11-20 22:28:15 - Impossible de restaurer rh - sauvegarde invalide ou trop ancienne
2024-11-20 22:28:15 - Debut de la restauration differentielle du repertoire fichiers
2024-11-20 22:28:16 - La derniere sauvegarde de fichiers date de plus de 24 heures
2024-11-20 22:28:16 - Impossible de restaurer fichiers - sauvegarde invalide ou trop ancienne
2024-11-20 22:28:16 - Restauration differentielle de tous les repertoires terminee
2024-11-20 22:30:58 - Aucune version precedente disponible pour site
2024-11-20 22:30:59 - Aucune version precedente disponible pour rh
2024-11-20 22:30:59 - Aucune version precedente disponible pour tickets
2024-11-20 22:30:59 - Aucune version precedente disponible pour fichiers
2024-11-20 22:31:00 - Restauration de la version precedente de emails
2024-11-20 22:31:00 - Processus de restauration termine
2024-11-22 14:40:59 - Debut de la restauration differentielle du repertoire emails
2024-11-22 14:41:00 - La derniere sauvegarde de emails date de plus de 24 heures
2024-11-22 14:41:00 - Impossible de restaurer emails - sauvegarde invalide ou trop ancienne
2024-11-22 14:41:00 - Debut de la restauration differentielle du repertoire tickets
2024-11-22 14:41:00 - La derniere sauvegarde de tickets date de plus de 24 heures
2024-11-22 14:41:00 - Impossible de restaurer tickets - sauvegarde invalide ou trop ancienne
2024-11-22 14:41:00 - Debut de la restauration differentielle du repertoire site
2024-11-22 14:41:01 - La derniere sauvegarde de site date de plus de 24 heures
2024-11-22 14:41:01 - Impossible de restaurer site - sauvegarde invalide ou trop ancienne
2024-11-22 14:41:01 - Debut de la restauration differentielle du repertoire rh
2024-11-22 14:41:02 - La derniere sauvegarde de rh date de plus de 24 heures
2024-11-22 14:41:02 - Impossible de restaurer rh - sauvegarde invalide ou trop ancienne
2024-11-22 14:41:02 - Debut de la restauration differentielle du repertoire fichiers
2024-11-22 14:41:02 - La derniere sauvegarde de fichiers date de plus de 24 heures
2024-11-22 14:41:02 - Impossible de restaurer fichiers - sauvegarde invalide ou trop ancienne
2024-11-22 14:41:02 - Restauration differentielle de tous les repertoires terminee
